<root>
    <element1>Value 1</element1>
    <element2>Value 2</element2>
    <element3>My secret phrase is</element3>
    <element3>"FIRST XML SECRET PHRASE "</element3>
</root>
